Determining if the pthread_create exist failed with the following output:
Change Dir: /home/davelinux/Dokumenty/GIT/PROJEKT/cmake-build-debug/CMakeFiles/CMakeTmp

Run Build Command:"/usr/bin/make" "cmTC_66c6b/fast"
make[1]: Vstupuje se do adresáře „/home/davelinux/Dokumenty/GIT/PROJEKT/cmake-build-debug/CMakeFiles/CMakeTmp“
/usr/bin/make -f CMakeFiles/cmTC_66c6b.dir/build.make CMakeFiles/cmTC_66c6b.dir/build
make[2]: Vstupuje se do adresáře „/home/davelinux/Dokumenty/GIT/PROJEKT/cmake-build-debug/CMakeFiles/CMakeTmp“
Building C object CMakeFiles/cmTC_66c6b.dir/CheckSymbolExists.c.o
/usr/bin/cc    -o CMakeFiles/cmTC_66c6b.dir/CheckSymbolExists.c.o   -c /home/davelinux/Dokumenty/GIT/PROJEKT/cmake-build-debug/CMakeFiles/CMakeTmp/CheckSymbolExists.c
Linking C executable cmTC_66c6b
/opt/clion-2018.3.4/bin/cmake/linux/bin/cmake -E cmake_link_script CMakeFiles/cmTC_66c6b.dir/link.txt --verbose=1
/usr/bin/cc      -rdynamic CMakeFiles/cmTC_66c6b.dir/CheckSymbolExists.c.o  -o cmTC_66c6b 
CMakeFiles/cmTC_66c6b.dir/CheckSymbolExists.c.o: In function `main':
CheckSymbolExists.c:(.text+0x1b): undefined reference to `pthread_create'
collect2: error: ld returned 1 exit status
CMakeFiles/cmTC_66c6b.dir/build.make:86: recipe for target 'cmTC_66c6b' failed
make[2]: *** [cmTC_66c6b] Error 1
make[2]: Opouští se adresář „/home/davelinux/Dokumenty/GIT/PROJEKT/cmake-build-debug/CMakeFiles/CMakeTmp“
Makefile:121: recipe for target 'cmTC_66c6b/fast' failed
make[1]: *** [cmTC_66c6b/fast] Error 2
make[1]: Opouští se adresář „/home/davelinux/Dokumenty/GIT/PROJEKT/cmake-build-debug/CMakeFiles/CMakeTmp“

File /home/davelinux/Dokumenty/GIT/PROJEKT/cmake-build-debug/CMakeFiles/CMakeTmp/CheckSymbolExists.c:
/* */
#include <pthread.h>

int main(int argc, char** argv)
{
  (void)argv;
#ifndef pthread_create
  return ((int*)(&pthread_create))[argc];
#else
  (void)argc;
  return 0;
#endif
}

Determining if the function pthread_create exists in the pthreads failed with the following output:
Change Dir: /home/davelinux/Dokumenty/GIT/PROJEKT/cmake-build-debug/CMakeFiles/CMakeTmp

Run Build Command:"/usr/bin/make" "cmTC_e11d1/fast"
make[1]: Vstupuje se do adresáře „/home/davelinux/Dokumenty/GIT/PROJEKT/cmake-build-debug/CMakeFiles/CMakeTmp“
/usr/bin/make -f CMakeFiles/cmTC_e11d1.dir/build.make CMakeFiles/cmTC_e11d1.dir/build
make[2]: Vstupuje se do adresáře „/home/davelinux/Dokumenty/GIT/PROJEKT/cmake-build-debug/CMakeFiles/CMakeTmp“
Building C object CMakeFiles/cmTC_e11d1.dir/CheckFunctionExists.c.o
/usr/bin/cc   -DCHECK_FUNCTION_EXISTS=pthread_create   -o CMakeFiles/cmTC_e11d1.dir/CheckFunctionExists.c.o   -c /opt/clion-2018.3.4/bin/cmake/linux/share/cmake-3.13/Modules/CheckFunctionExists.c
Linking C executable cmTC_e11d1
/opt/clion-2018.3.4/bin/cmake/linux/bin/cmake -E cmake_link_script CMakeFiles/cmTC_e11d1.dir/link.txt --verbose=1
/usr/bin/cc  -DCHECK_FUNCTION_EXISTS=pthread_create    -rdynamic CMakeFiles/cmTC_e11d1.dir/CheckFunctionExists.c.o  -o cmTC_e11d1 -lpthreads 
/usr/bin/ld: cannot find -lpthreads
collect2: error: ld returned 1 exit status
CMakeFiles/cmTC_e11d1.dir/build.make:86: recipe for target 'cmTC_e11d1' failed
make[2]: *** [cmTC_e11d1] Error 1
make[2]: Opouští se adresář „/home/davelinux/Dokumenty/GIT/PROJEKT/cmake-build-debug/CMakeFiles/CMakeTmp“
Makefile:121: recipe for target 'cmTC_e11d1/fast' failed
make[1]: *** [cmTC_e11d1/fast] Error 2
make[1]: Opouští se adresář „/home/davelinux/Dokumenty/GIT/PROJEKT/cmake-build-debug/CMakeFiles/CMakeTmp“


Determining if the function sgemm_ exists failed with the following output:
Change Dir: /home/davelinux/Dokumenty/GIT/PROJEKT/cmake-build-debug/CMakeFiles/CMakeTmp

Run Build Command:"/usr/bin/make" "cmTC_73bf0/fast"
make[1]: Vstupuje se do adresáře „/home/davelinux/Dokumenty/GIT/PROJEKT/cmake-build-debug/CMakeFiles/CMakeTmp“
/usr/bin/make -f CMakeFiles/cmTC_73bf0.dir/build.make CMakeFiles/cmTC_73bf0.dir/build
make[2]: Vstupuje se do adresáře „/home/davelinux/Dokumenty/GIT/PROJEKT/cmake-build-debug/CMakeFiles/CMakeTmp“
Building C object CMakeFiles/cmTC_73bf0.dir/CheckFunctionExists.c.o
/usr/bin/cc   -DCHECK_FUNCTION_EXISTS=sgemm_   -o CMakeFiles/cmTC_73bf0.dir/CheckFunctionExists.c.o   -c /opt/clion-2018.3.4/bin/cmake/linux/share/cmake-3.13/Modules/CheckFunctionExists.c
Linking C executable cmTC_73bf0
/opt/clion-2018.3.4/bin/cmake/linux/bin/cmake -E cmake_link_script CMakeFiles/cmTC_73bf0.dir/link.txt --verbose=1
/usr/bin/cc  -DCHECK_FUNCTION_EXISTS=sgemm_    -rdynamic CMakeFiles/cmTC_73bf0.dir/CheckFunctionExists.c.o  -o cmTC_73bf0 
CMakeFiles/cmTC_73bf0.dir/CheckFunctionExists.c.o: In function `main':
CheckFunctionExists.c:(.text+0x10): undefined reference to `sgemm_'
collect2: error: ld returned 1 exit status
CMakeFiles/cmTC_73bf0.dir/build.make:86: recipe for target 'cmTC_73bf0' failed
make[2]: *** [cmTC_73bf0] Error 1
make[2]: Opouští se adresář „/home/davelinux/Dokumenty/GIT/PROJEKT/cmake-build-debug/CMakeFiles/CMakeTmp“
Makefile:121: recipe for target 'cmTC_73bf0/fast' failed
make[1]: *** [cmTC_73bf0/fast] Error 2
make[1]: Opouští se adresář „/home/davelinux/Dokumenty/GIT/PROJEKT/cmake-build-debug/CMakeFiles/CMakeTmp“


