The system is: Linux - 4.15.0-45-generic - x86_64
Compiling the C compiler identification source file "CMakeCCompilerId.c" succeeded.
Compiler: /usr/bin/cc 
Build flags: 
Id flags:  

The output was:
0


Compilation of the C compiler identification source "CMakeCCompilerId.c" produced "a.out"

The C compiler identification is GNU, found in "/home/davelinux/Dokumenty/GIT/PROJEKT/cmake-build-debug/CMakeFiles/3.13.2/CompilerIdC/a.out"

Compiling the CXX compiler identification source file "CMakeCXXCompilerId.cpp" succeeded.
Compiler: /usr/bin/c++ 
Build flags: 
Id flags:  

The output was:
0


Compilation of the CXX compiler identification source "CMakeCXXCompilerId.cpp" produced "a.out"

The CXX compiler identification is GNU, found in "/home/davelinux/Dokumenty/GIT/PROJEKT/cmake-build-debug/CMakeFiles/3.13.2/CompilerIdCXX/a.out"

Determining if the C compiler works passed with the following output:
Change Dir: /home/davelinux/Dokumenty/GIT/PROJEKT/cmake-build-debug/CMakeFiles/CMakeTmp

Run Build Command:"/usr/bin/make" "cmTC_997cc/fast"
/usr/bin/make -f CMakeFiles/cmTC_997cc.dir/build.make CMakeFiles/cmTC_997cc.dir/build
make[1]: Vstupuje se do adresáře „/home/davelinux/Dokumenty/GIT/PROJEKT/cmake-build-debug/CMakeFiles/CMakeTmp“
Building C object CMakeFiles/cmTC_997cc.dir/testCCompiler.c.o
/usr/bin/cc    -o CMakeFiles/cmTC_997cc.dir/testCCompiler.c.o   -c /home/davelinux/Dokumenty/GIT/PROJEKT/cmake-build-debug/CMakeFiles/CMakeTmp/testCCompiler.c
Linking C executable cmTC_997cc
/opt/clion-2018.3.4/bin/cmake/linux/bin/cmake -E cmake_link_script CMakeFiles/cmTC_997cc.dir/link.txt --verbose=1
/usr/bin/cc      CMakeFiles/cmTC_997cc.dir/testCCompiler.c.o  -o cmTC_997cc 
make[1]: Opouští se adresář „/home/davelinux/Dokumenty/GIT/PROJEKT/cmake-build-debug/CMakeFiles/CMakeTmp“


Detecting C compiler ABI info compiled with the following output:
Change Dir: /home/davelinux/Dokumenty/GIT/PROJEKT/cmake-build-debug/CMakeFiles/CMakeTmp

Run Build Command:"/usr/bin/make" "cmTC_99eae/fast"
/usr/bin/make -f CMakeFiles/cmTC_99eae.dir/build.make CMakeFiles/cmTC_99eae.dir/build
make[1]: Vstupuje se do adresáře „/home/davelinux/Dokumenty/GIT/PROJEKT/cmake-build-debug/CMakeFiles/CMakeTmp“
Building C object CMakeFiles/cmTC_99eae.dir/CMakeCCompilerABI.c.o
/usr/bin/cc    -o CMakeFiles/cmTC_99eae.dir/CMakeCCompilerABI.c.o   -c /opt/clion-2018.3.4/bin/cmake/linux/share/cmake-3.13/Modules/CMakeCCompilerABI.c
Linking C executable cmTC_99eae
/opt/clion-2018.3.4/bin/cmake/linux/bin/cmake -E cmake_link_script CMakeFiles/cmTC_99eae.dir/link.txt --verbose=1
/usr/bin/cc     -v CMakeFiles/cmTC_99eae.dir/CMakeCCompilerABI.c.o  -o cmTC_99eae 
Using built-in specs.
COLLECT_GCC=/usr/bin/cc
COLLECT_LTO_WRAPPER=/usr/lib/gcc/x86_64-linux-gnu/7/lto-wrapper
OFFLOAD_TARGET_NAMES=nvptx-none
OFFLOAD_TARGET_DEFAULT=1
Target: x86_64-linux-gnu
Configured with: ../src/configure -v --with-pkgversion='Ubuntu 7.3.0-27ubuntu1~18.04' --with-bugurl=file:///usr/share/doc/gcc-7/README.Bugs --enable-languages=c,ada,c++,go,brig,d,fortran,objc,obj-c++ --prefix=/usr --with-gcc-major-version-only --program-suffix=-7 --program-prefix=x86_64-linux-gnu- --enable-shared --enable-linker-build-id --libexecdir=/usr/lib --without-included-gettext --enable-threads=posix --libdir=/usr/lib --enable-nls --with-sysroot=/ --enable-clocale=gnu --enable-libstdcxx-debug --enable-libstdcxx-time=yes --with-default-libstdcxx-abi=new --enable-gnu-unique-object --disable-vtable-verify --enable-libmpx --enable-plugin --enable-default-pie --with-system-zlib --with-target-system-zlib --enable-objc-gc=auto --enable-multiarch --disable-werror --with-arch-32=i686 --with-abi=m64 --with-multilib-list=m32,m64,mx32 --enable-multilib --with-tune=generic --enable-offload-targets=nvptx-none --without-cuda-driver --enable-checking=release --build=x86_64-linux-gnu --host=x86_64-linux-gnu --target=x86_64-linux-gnu
Thread model: posix
gcc version 7.3.0 (Ubuntu 7.3.0-27ubuntu1~18.04) 
COMPILER_PATH=/usr/lib/gcc/x86_64-linux-gnu/7/:/usr/lib/gcc/x86_64-linux-gnu/7/:/usr/lib/gcc/x86_64-linux-gnu/:/usr/lib/gcc/x86_64-linux-gnu/7/:/usr/lib/gcc/x86_64-linux-gnu/
LIBRARY_PATH=/usr/lib/gcc/x86_64-linux-gnu/7/:/usr/lib/gcc/x86_64-linux-gnu/7/../../../x86_64-linux-gnu/:/usr/lib/gcc/x86_64-linux-gnu/7/../../../../lib/:/lib/x86_64-linux-gnu/:/lib/../lib/:/usr/lib/x86_64-linux-gnu/:/usr/lib/../lib/:/usr/lib/gcc/x86_64-linux-gnu/7/../../../:/lib/:/usr/lib/
COLLECT_GCC_OPTIONS='-v' '-o' 'cmTC_99eae' '-mtune=generic' '-march=x86-64'
 /usr/lib/gcc/x86_64-linux-gnu/7/collect2 -plugin /usr/lib/gcc/x86_64-linux-gnu/7/liblto_plugin.so -plugin-opt=/usr/lib/gcc/x86_64-linux-gnu/7/lto-wrapper -plugin-opt=-fresolution=/tmp/ccheF4oT.res -plugin-opt=-pass-through=-lgcc -plugin-opt=-pass-through=-lgcc_s -plugin-opt=-pass-through=-lc -plugin-opt=-pass-through=-lgcc -plugin-opt=-pass-through=-lgcc_s --sysroot=/ --build-id --eh-frame-hdr -m elf_x86_64 --hash-style=gnu --as-needed -dynamic-linker /lib64/ld-linux-x86-64.so.2 -pie -z now -z relro -o cmTC_99eae /usr/lib/gcc/x86_64-linux-gnu/7/../../../x86_64-linux-gnu/Scrt1.o /usr/lib/gcc/x86_64-linux-gnu/7/../../../x86_64-linux-gnu/crti.o /usr/lib/gcc/x86_64-linux-gnu/7/crtbeginS.o -L/usr/lib/gcc/x86_64-linux-gnu/7 -L/usr/lib/gcc/x86_64-linux-gnu/7/../../../x86_64-linux-gnu -L/usr/lib/gcc/x86_64-linux-gnu/7/../../../../lib -L/lib/x86_64-linux-gnu -L/lib/../lib -L/usr/lib/x86_64-linux-gnu -L/usr/lib/../lib -L/usr/lib/gcc/x86_64-linux-gnu/7/../../.. CMakeFiles/cmTC_99eae.dir/CMakeCCompilerABI.c.o -lgcc --push-state --as-needed -lgcc_s --pop-state -lc -lgcc --push-state --as-needed -lgcc_s --pop-state /usr/lib/gcc/x86_64-linux-gnu/7/crtendS.o /usr/lib/gcc/x86_64-linux-gnu/7/../../../x86_64-linux-gnu/crtn.o
COLLECT_GCC_OPTIONS='-v' '-o' 'cmTC_99eae' '-mtune=generic' '-march=x86-64'
make[1]: Opouští se adresář „/home/davelinux/Dokumenty/GIT/PROJEKT/cmake-build-debug/CMakeFiles/CMakeTmp“


Parsed C implicit link information from above output:
  link line regex: [^( *|.*[/\])(ld|CMAKE_LINK_STARTFILE-NOTFOUND|([^/\]+-)?ld|collect2)[^/\]*( |$)]
  ignore line: [Change Dir: /home/davelinux/Dokumenty/GIT/PROJEKT/cmake-build-debug/CMakeFiles/CMakeTmp]
  ignore line: []
  ignore line: [Run Build Command:"/usr/bin/make" "cmTC_99eae/fast"]
  ignore line: [/usr/bin/make -f CMakeFiles/cmTC_99eae.dir/build.make CMakeFiles/cmTC_99eae.dir/build]
  ignore line: [make[1]: Vstupuje se do adresáře „/home/davelinux/Dokumenty/GIT/PROJEKT/cmake-build-debug/CMakeFiles/CMakeTmp“]
  ignore line: [Building C object CMakeFiles/cmTC_99eae.dir/CMakeCCompilerABI.c.o]
  ignore line: [/usr/bin/cc    -o CMakeFiles/cmTC_99eae.dir/CMakeCCompilerABI.c.o   -c /opt/clion-2018.3.4/bin/cmake/linux/share/cmake-3.13/Modules/CMakeCCompilerABI.c]
  ignore line: [Linking C executable cmTC_99eae]
  ignore line: [/opt/clion-2018.3.4/bin/cmake/linux/bin/cmake -E cmake_link_script CMakeFiles/cmTC_99eae.dir/link.txt --verbose=1]
  ignore line: [/usr/bin/cc     -v CMakeFiles/cmTC_99eae.dir/CMakeCCompilerABI.c.o  -o cmTC_99eae ]
  ignore line: [Using built-in specs.]
  ignore line: [COLLECT_GCC=/usr/bin/cc]
  ignore line: [COLLECT_LTO_WRAPPER=/usr/lib/gcc/x86_64-linux-gnu/7/lto-wrapper]
  ignore line: [OFFLOAD_TARGET_NAMES=nvptx-none]
  ignore line: [OFFLOAD_TARGET_DEFAULT=1]
  ignore line: [Target: x86_64-linux-gnu]
  ignore line: [Configured with: ../src/configure -v --with-pkgversion='Ubuntu 7.3.0-27ubuntu1~18.04' --with-bugurl=file:///usr/share/doc/gcc-7/README.Bugs --enable-languages=c,ada,c++,go,brig,d,fortran,objc,obj-c++ --prefix=/usr --with-gcc-major-version-only --program-suffix=-7 --program-prefix=x86_64-linux-gnu- --enable-shared --enable-linker-build-id --libexecdir=/usr/lib --without-included-gettext --enable-threads=posix --libdir=/usr/lib --enable-nls --with-sysroot=/ --enable-clocale=gnu --enable-libstdcxx-debug --enable-libstdcxx-time=yes --with-default-libstdcxx-abi=new --enable-gnu-unique-object --disable-vtable-verify --enable-libmpx --enable-plugin --enable-default-pie --with-system-zlib --with-target-system-zlib --enable-objc-gc=auto --enable-multiarch --disable-werror --with-arch-32=i686 --with-abi=m64 --with-multilib-list=m32,m64,mx32 --enable-multilib --with-tune=generic --enable-offload-targets=nvptx-none --without-cuda-driver --enable-checking=release --build=x86_64-linux-gnu --host=x86_64-linux-gnu --target=x86_64-linux-gnu]
  ignore line: [Thread model: posix]
  ignore line: [gcc version 7.3.0 (Ubuntu 7.3.0-27ubuntu1~18.04) ]
  ignore line: [COMPILER_PATH=/usr/lib/gcc/x86_64-linux-gnu/7/:/usr/lib/gcc/x86_64-linux-gnu/7/:/usr/lib/gcc/x86_64-linux-gnu/:/usr/lib/gcc/x86_64-linux-gnu/7/:/usr/lib/gcc/x86_64-linux-gnu/]
  ignore line: [LIBRARY_PATH=/usr/lib/gcc/x86_64-linux-gnu/7/:/usr/lib/gcc/x86_64-linux-gnu/7/../../../x86_64-linux-gnu/:/usr/lib/gcc/x86_64-linux-gnu/7/../../../../lib/:/lib/x86_64-linux-gnu/:/lib/../lib/:/usr/lib/x86_64-linux-gnu/:/usr/lib/../lib/:/usr/lib/gcc/x86_64-linux-gnu/7/../../../:/lib/:/usr/lib/]
  ignore line: [COLLECT_GCC_OPTIONS='-v' '-o' 'cmTC_99eae' '-mtune=generic' '-march=x86-64']
  link line: [ /usr/lib/gcc/x86_64-linux-gnu/7/collect2 -plugin /usr/lib/gcc/x86_64-linux-gnu/7/liblto_plugin.so -plugin-opt=/usr/lib/gcc/x86_64-linux-gnu/7/lto-wrapper -plugin-opt=-fresolution=/tmp/ccheF4oT.res -plugin-opt=-pass-through=-lgcc -plugin-opt=-pass-through=-lgcc_s -plugin-opt=-pass-through=-lc -plugin-opt=-pass-through=-lgcc -plugin-opt=-pass-through=-lgcc_s --sysroot=/ --build-id --eh-frame-hdr -m elf_x86_64 --hash-style=gnu --as-needed -dynamic-linker /lib64/ld-linux-x86-64.so.2 -pie -z now -z relro -o cmTC_99eae /usr/lib/gcc/x86_64-linux-gnu/7/../../../x86_64-linux-gnu/Scrt1.o /usr/lib/gcc/x86_64-linux-gnu/7/../../../x86_64-linux-gnu/crti.o /usr/lib/gcc/x86_64-linux-gnu/7/crtbeginS.o -L/usr/lib/gcc/x86_64-linux-gnu/7 -L/usr/lib/gcc/x86_64-linux-gnu/7/../../../x86_64-linux-gnu -L/usr/lib/gcc/x86_64-linux-gnu/7/../../../../lib -L/lib/x86_64-linux-gnu -L/lib/../lib -L/usr/lib/x86_64-linux-gnu -L/usr/lib/../lib -L/usr/lib/gcc/x86_64-linux-gnu/7/../../.. CMakeFiles/cmTC_99eae.dir/CMakeCCompilerABI.c.o -lgcc --push-state --as-needed -lgcc_s --pop-state -lc -lgcc --push-state --as-needed -lgcc_s --pop-state /usr/lib/gcc/x86_64-linux-gnu/7/crtendS.o /usr/lib/gcc/x86_64-linux-gnu/7/../../../x86_64-linux-gnu/crtn.o]
    arg [/usr/lib/gcc/x86_64-linux-gnu/7/collect2] ==> ignore
    arg [-plugin] ==> ignore
    arg [/usr/lib/gcc/x86_64-linux-gnu/7/liblto_plugin.so] ==> ignore
    arg [-plugin-opt=/usr/lib/gcc/x86_64-linux-gnu/7/lto-wrapper] ==> ignore
    arg [-plugin-opt=-fresolution=/tmp/ccheF4oT.res] ==> ignore
    arg [-plugin-opt=-pass-through=-lgcc] ==> ignore
    arg [-plugin-opt=-pass-through=-lgcc_s] ==> ignore
    arg [-plugin-opt=-pass-through=-lc] ==> ignore
    arg [-plugin-opt=-pass-through=-lgcc] ==> ignore
    arg [-plugin-opt=-pass-through=-lgcc_s] ==> ignore
    arg [--sysroot=/] ==> ignore
    arg [--build-id] ==> ignore
    arg [--eh-frame-hdr] ==> ignore
    arg [-m] ==> ignore
    arg [elf_x86_64] ==> ignore
    arg [--hash-style=gnu] ==> ignore
    arg [--as-needed] ==> ignore
    arg [-dynamic-linker] ==> ignore
    arg [/lib64/ld-linux-x86-64.so.2] ==> ignore
    arg [-pie] ==> ignore
    arg [-znow] ==> ignore
    arg [-zrelro] ==> ignore
    arg [-o] ==> ignore
    arg [cmTC_99eae] ==> ignore
    arg [/usr/lib/gcc/x86_64-linux-gnu/7/../../../x86_64-linux-gnu/Scrt1.o] ==> ignore
    arg [/usr/lib/gcc/x86_64-linux-gnu/7/../../../x86_64-linux-gnu/crti.o] ==> ignore
    arg [/usr/lib/gcc/x86_64-linux-gnu/7/crtbeginS.o] ==> ignore
    arg [-L/usr/lib/gcc/x86_64-linux-gnu/7] ==> dir [/usr/lib/gcc/x86_64-linux-gnu/7]
    arg [-L/usr/lib/gcc/x86_64-linux-gnu/7/../../../x86_64-linux-gnu] ==> dir [/usr/lib/gcc/x86_64-linux-gnu/7/../../../x86_64-linux-gnu]
    arg [-L/usr/lib/gcc/x86_64-linux-gnu/7/../../../../lib] ==> dir [/usr/lib/gcc/x86_64-linux-gnu/7/../../../../lib]
    arg [-L/lib/x86_64-linux-gnu] ==> dir [/lib/x86_64-linux-gnu]
    arg [-L/lib/../lib] ==> dir [/lib/../lib]
    arg [-L/usr/lib/x86_64-linux-gnu] ==> dir [/usr/lib/x86_64-linux-gnu]
    arg [-L/usr/lib/../lib] ==> dir [/usr/lib/../lib]
    arg [-L/usr/lib/gcc/x86_64-linux-gnu/7/../../..] ==> dir [/usr/lib/gcc/x86_64-linux-gnu/7/../../..]
    arg [CMakeFiles/cmTC_99eae.dir/CMakeCCompilerABI.c.o] ==> ignore
    arg [-lgcc] ==> lib [gcc]
    arg [--push-state] ==> ignore
    arg [--as-needed] ==> ignore
    arg [-lgcc_s] ==> lib [gcc_s]
    arg [--pop-state] ==> ignore
    arg [-lc] ==> lib [c]
    arg [-lgcc] ==> lib [gcc]
    arg [--push-state] ==> ignore
    arg [--as-needed] ==> ignore
    arg [-lgcc_s] ==> lib [gcc_s]
    arg [--pop-state] ==> ignore
    arg [/usr/lib/gcc/x86_64-linux-gnu/7/crtendS.o] ==> ignore
    arg [/usr/lib/gcc/x86_64-linux-gnu/7/../../../x86_64-linux-gnu/crtn.o] ==> ignore
  collapse library dir [/usr/lib/gcc/x86_64-linux-gnu/7] ==> [/usr/lib/gcc/x86_64-linux-gnu/7]
  collapse library dir [/usr/lib/gcc/x86_64-linux-gnu/7/../../../x86_64-linux-gnu] ==> [/usr/lib/x86_64-linux-gnu]
  collapse library dir [/usr/lib/gcc/x86_64-linux-gnu/7/../../../../lib] ==> [/usr/lib]
  collapse library dir [/lib/x86_64-linux-gnu] ==> [/lib/x86_64-linux-gnu]
  collapse library dir [/lib/../lib] ==> [/lib]
  collapse library dir [/usr/lib/x86_64-linux-gnu] ==> [/usr/lib/x86_64-linux-gnu]
  collapse library dir [/usr/lib/../lib] ==> [/usr/lib]
  collapse library dir [/usr/lib/gcc/x86_64-linux-gnu/7/../../..] ==> [/usr/lib]
  implicit libs: [gcc;gcc_s;c;gcc;gcc_s]
  implicit dirs: [/usr/lib/gcc/x86_64-linux-gnu/7;/usr/lib/x86_64-linux-gnu;/usr/lib;/lib/x86_64-linux-gnu;/lib]
  implicit fwks: []




Detecting C [-std=c11] compiler features compiled with the following output:
Change Dir: /home/davelinux/Dokumenty/GIT/PROJEKT/cmake-build-debug/CMakeFiles/CMakeTmp

Run Build Command:"/usr/bin/make" "cmTC_e41f8/fast"
/usr/bin/make -f CMakeFiles/cmTC_e41f8.dir/build.make CMakeFiles/cmTC_e41f8.dir/build
make[1]: Vstupuje se do adresáře „/home/davelinux/Dokumenty/GIT/PROJEKT/cmake-build-debug/CMakeFiles/CMakeTmp“
Building C object CMakeFiles/cmTC_e41f8.dir/feature_tests.c.o
/usr/bin/cc   -std=c11 -o CMakeFiles/cmTC_e41f8.dir/feature_tests.c.o   -c /home/davelinux/Dokumenty/GIT/PROJEKT/cmake-build-debug/CMakeFiles/feature_tests.c
Linking C executable cmTC_e41f8
/opt/clion-2018.3.4/bin/cmake/linux/bin/cmake -E cmake_link_script CMakeFiles/cmTC_e41f8.dir/link.txt --verbose=1
/usr/bin/cc      CMakeFiles/cmTC_e41f8.dir/feature_tests.c.o  -o cmTC_e41f8 
make[1]: Opouští se adresář „/home/davelinux/Dokumenty/GIT/PROJEKT/cmake-build-debug/CMakeFiles/CMakeTmp“


    Feature record: C_FEATURE:1c_function_prototypes
    Feature record: C_FEATURE:1c_restrict
    Feature record: C_FEATURE:1c_static_assert
    Feature record: C_FEATURE:1c_variadic_macros


Detecting C [-std=c99] compiler features compiled with the following output:
Change Dir: /home/davelinux/Dokumenty/GIT/PROJEKT/cmake-build-debug/CMakeFiles/CMakeTmp

Run Build Command:"/usr/bin/make" "cmTC_6da36/fast"
/usr/bin/make -f CMakeFiles/cmTC_6da36.dir/build.make CMakeFiles/cmTC_6da36.dir/build
make[1]: Vstupuje se do adresáře „/home/davelinux/Dokumenty/GIT/PROJEKT/cmake-build-debug/CMakeFiles/CMakeTmp“
Building C object CMakeFiles/cmTC_6da36.dir/feature_tests.c.o
/usr/bin/cc   -std=c99 -o CMakeFiles/cmTC_6da36.dir/feature_tests.c.o   -c /home/davelinux/Dokumenty/GIT/PROJEKT/cmake-build-debug/CMakeFiles/feature_tests.c
Linking C executable cmTC_6da36
/opt/clion-2018.3.4/bin/cmake/linux/bin/cmake -E cmake_link_script CMakeFiles/cmTC_6da36.dir/link.txt --verbose=1
/usr/bin/cc      CMakeFiles/cmTC_6da36.dir/feature_tests.c.o  -o cmTC_6da36 
make[1]: Opouští se adresář „/home/davelinux/Dokumenty/GIT/PROJEKT/cmake-build-debug/CMakeFiles/CMakeTmp“


    Feature record: C_FEATURE:1c_function_prototypes
    Feature record: C_FEATURE:1c_restrict
    Feature record: C_FEATURE:0c_static_assert
    Feature record: C_FEATURE:1c_variadic_macros


Detecting C [-std=c90] compiler features compiled with the following output:
Change Dir: /home/davelinux/Dokumenty/GIT/PROJEKT/cmake-build-debug/CMakeFiles/CMakeTmp

Run Build Command:"/usr/bin/make" "cmTC_d0464/fast"
/usr/bin/make -f CMakeFiles/cmTC_d0464.dir/build.make CMakeFiles/cmTC_d0464.dir/build
make[1]: Vstupuje se do adresáře „/home/davelinux/Dokumenty/GIT/PROJEKT/cmake-build-debug/CMakeFiles/CMakeTmp“
Building C object CMakeFiles/cmTC_d0464.dir/feature_tests.c.o
/usr/bin/cc   -std=c90 -o CMakeFiles/cmTC_d0464.dir/feature_tests.c.o   -c /home/davelinux/Dokumenty/GIT/PROJEKT/cmake-build-debug/CMakeFiles/feature_tests.c
Linking C executable cmTC_d0464
/opt/clion-2018.3.4/bin/cmake/linux/bin/cmake -E cmake_link_script CMakeFiles/cmTC_d0464.dir/link.txt --verbose=1
/usr/bin/cc      CMakeFiles/cmTC_d0464.dir/feature_tests.c.o  -o cmTC_d0464 
make[1]: Opouští se adresář „/home/davelinux/Dokumenty/GIT/PROJEKT/cmake-build-debug/CMakeFiles/CMakeTmp“


    Feature record: C_FEATURE:1c_function_prototypes
    Feature record: C_FEATURE:0c_restrict
    Feature record: C_FEATURE:0c_static_assert
    Feature record: C_FEATURE:0c_variadic_macros
Determining if the CXX compiler works passed with the following output:
Change Dir: /home/davelinux/Dokumenty/GIT/PROJEKT/cmake-build-debug/CMakeFiles/CMakeTmp

Run Build Command:"/usr/bin/make" "cmTC_4d315/fast"
/usr/bin/make -f CMakeFiles/cmTC_4d315.dir/build.make CMakeFiles/cmTC_4d315.dir/build
make[1]: Vstupuje se do adresáře „/home/davelinux/Dokumenty/GIT/PROJEKT/cmake-build-debug/CMakeFiles/CMakeTmp“
Building CXX object CMakeFiles/cmTC_4d315.dir/testCXXCompiler.cxx.o
/usr/bin/c++     -o CMakeFiles/cmTC_4d315.dir/testCXXCompiler.cxx.o -c /home/davelinux/Dokumenty/GIT/PROJEKT/cmake-build-debug/CMakeFiles/CMakeTmp/testCXXCompiler.cxx
Linking CXX executable cmTC_4d315
/opt/clion-2018.3.4/bin/cmake/linux/bin/cmake -E cmake_link_script CMakeFiles/cmTC_4d315.dir/link.txt --verbose=1
/usr/bin/c++       CMakeFiles/cmTC_4d315.dir/testCXXCompiler.cxx.o  -o cmTC_4d315 
make[1]: Opouští se adresář „/home/davelinux/Dokumenty/GIT/PROJEKT/cmake-build-debug/CMakeFiles/CMakeTmp“


Detecting CXX compiler ABI info compiled with the following output:
Change Dir: /home/davelinux/Dokumenty/GIT/PROJEKT/cmake-build-debug/CMakeFiles/CMakeTmp

Run Build Command:"/usr/bin/make" "cmTC_14d5f/fast"
/usr/bin/make -f CMakeFiles/cmTC_14d5f.dir/build.make CMakeFiles/cmTC_14d5f.dir/build
make[1]: Vstupuje se do adresáře „/home/davelinux/Dokumenty/GIT/PROJEKT/cmake-build-debug/CMakeFiles/CMakeTmp“
Building CXX object CMakeFiles/cmTC_14d5f.dir/CMakeCXXCompilerABI.cpp.o
/usr/bin/c++     -o CMakeFiles/cmTC_14d5f.dir/CMakeCXXCompilerABI.cpp.o -c /opt/clion-2018.3.4/bin/cmake/linux/share/cmake-3.13/Modules/CMakeCXXCompilerABI.cpp
Linking CXX executable cmTC_14d5f
/opt/clion-2018.3.4/bin/cmake/linux/bin/cmake -E cmake_link_script CMakeFiles/cmTC_14d5f.dir/link.txt --verbose=1
/usr/bin/c++      -v CMakeFiles/cmTC_14d5f.dir/CMakeCXXCompilerABI.cpp.o  -o cmTC_14d5f 
Using built-in specs.
COLLECT_GCC=/usr/bin/c++
COLLECT_LTO_WRAPPER=/usr/lib/gcc/x86_64-linux-gnu/7/lto-wrapper
OFFLOAD_TARGET_NAMES=nvptx-none
OFFLOAD_TARGET_DEFAULT=1
Target: x86_64-linux-gnu
Configured with: ../src/configure -v --with-pkgversion='Ubuntu 7.3.0-27ubuntu1~18.04' --with-bugurl=file:///usr/share/doc/gcc-7/README.Bugs --enable-languages=c,ada,c++,go,brig,d,fortran,objc,obj-c++ --prefix=/usr --with-gcc-major-version-only --program-suffix=-7 --program-prefix=x86_64-linux-gnu- --enable-shared --enable-linker-build-id --libexecdir=/usr/lib --without-included-gettext --enable-threads=posix --libdir=/usr/lib --enable-nls --with-sysroot=/ --enable-clocale=gnu --enable-libstdcxx-debug --enable-libstdcxx-time=yes --with-default-libstdcxx-abi=new --enable-gnu-unique-object --disable-vtable-verify --enable-libmpx --enable-plugin --enable-default-pie --with-system-zlib --with-target-system-zlib --enable-objc-gc=auto --enable-multiarch --disable-werror --with-arch-32=i686 --with-abi=m64 --with-multilib-list=m32,m64,mx32 --enable-multilib --with-tune=generic --enable-offload-targets=nvptx-none --without-cuda-driver --enable-checking=release --build=x86_64-linux-gnu --host=x86_64-linux-gnu --target=x86_64-linux-gnu
Thread model: posix
gcc version 7.3.0 (Ubuntu 7.3.0-27ubuntu1~18.04) 
COMPILER_PATH=/usr/lib/gcc/x86_64-linux-gnu/7/:/usr/lib/gcc/x86_64-linux-gnu/7/:/usr/lib/gcc/x86_64-linux-gnu/:/usr/lib/gcc/x86_64-linux-gnu/7/:/usr/lib/gcc/x86_64-linux-gnu/
LIBRARY_PATH=/usr/lib/gcc/x86_64-linux-gnu/7/:/usr/lib/gcc/x86_64-linux-gnu/7/../../../x86_64-linux-gnu/:/usr/lib/gcc/x86_64-linux-gnu/7/../../../../lib/:/lib/x86_64-linux-gnu/:/lib/../lib/:/usr/lib/x86_64-linux-gnu/:/usr/lib/../lib/:/usr/lib/gcc/x86_64-linux-gnu/7/../../../:/lib/:/usr/lib/
COLLECT_GCC_OPTIONS='-v' '-o' 'cmTC_14d5f' '-shared-libgcc' '-mtune=generic' '-march=x86-64'
 /usr/lib/gcc/x86_64-linux-gnu/7/collect2 -plugin /usr/lib/gcc/x86_64-linux-gnu/7/liblto_plugin.so -plugin-opt=/usr/lib/gcc/x86_64-linux-gnu/7/lto-wrapper -plugin-opt=-fresolution=/tmp/ccQs3RGc.res -plugin-opt=-pass-through=-lgcc_s -plugin-opt=-pass-through=-lgcc -plugin-opt=-pass-through=-lc -plugin-opt=-pass-through=-lgcc_s -plugin-opt=-pass-through=-lgcc --sysroot=/ --build-id --eh-frame-hdr -m elf_x86_64 --hash-style=gnu --as-needed -dynamic-linker /lib64/ld-linux-x86-64.so.2 -pie -z now -z relro -o cmTC_14d5f /usr/lib/gcc/x86_64-linux-gnu/7/../../../x86_64-linux-gnu/Scrt1.o /usr/lib/gcc/x86_64-linux-gnu/7/../../../x86_64-linux-gnu/crti.o /usr/lib/gcc/x86_64-linux-gnu/7/crtbeginS.o -L/usr/lib/gcc/x86_64-linux-gnu/7 -L/usr/lib/gcc/x86_64-linux-gnu/7/../../../x86_64-linux-gnu -L/usr/lib/gcc/x86_64-linux-gnu/7/../../../../lib -L/lib/x86_64-linux-gnu -L/lib/../lib -L/usr/lib/x86_64-linux-gnu -L/usr/lib/../lib -L/usr/lib/gcc/x86_64-linux-gnu/7/../../.. CMakeFiles/cmTC_14d5f.dir/CMakeCXXCompilerABI.cpp.o -lstdc++ -lm -lgcc_s -lgcc -lc -lgcc_s -lgcc /usr/lib/gcc/x86_64-linux-gnu/7/crtendS.o /usr/lib/gcc/x86_64-linux-gnu/7/../../../x86_64-linux-gnu/crtn.o
COLLECT_GCC_OPTIONS='-v' '-o' 'cmTC_14d5f' '-shared-libgcc' '-mtune=generic' '-march=x86-64'
make[1]: Opouští se adresář „/home/davelinux/Dokumenty/GIT/PROJEKT/cmake-build-debug/CMakeFiles/CMakeTmp“


Parsed CXX implicit link information from above output:
  link line regex: [^( *|.*[/\])(ld|CMAKE_LINK_STARTFILE-NOTFOUND|([^/\]+-)?ld|collect2)[^/\]*( |$)]
  ignore line: [Change Dir: /home/davelinux/Dokumenty/GIT/PROJEKT/cmake-build-debug/CMakeFiles/CMakeTmp]
  ignore line: []
  ignore line: [Run Build Command:"/usr/bin/make" "cmTC_14d5f/fast"]
  ignore line: [/usr/bin/make -f CMakeFiles/cmTC_14d5f.dir/build.make CMakeFiles/cmTC_14d5f.dir/build]
  ignore line: [make[1]: Vstupuje se do adresáře „/home/davelinux/Dokumenty/GIT/PROJEKT/cmake-build-debug/CMakeFiles/CMakeTmp“]
  ignore line: [Building CXX object CMakeFiles/cmTC_14d5f.dir/CMakeCXXCompilerABI.cpp.o]
  ignore line: [/usr/bin/c++     -o CMakeFiles/cmTC_14d5f.dir/CMakeCXXCompilerABI.cpp.o -c /opt/clion-2018.3.4/bin/cmake/linux/share/cmake-3.13/Modules/CMakeCXXCompilerABI.cpp]
  ignore line: [Linking CXX executable cmTC_14d5f]
  ignore line: [/opt/clion-2018.3.4/bin/cmake/linux/bin/cmake -E cmake_link_script CMakeFiles/cmTC_14d5f.dir/link.txt --verbose=1]
  ignore line: [/usr/bin/c++      -v CMakeFiles/cmTC_14d5f.dir/CMakeCXXCompilerABI.cpp.o  -o cmTC_14d5f ]
  ignore line: [Using built-in specs.]
  ignore line: [COLLECT_GCC=/usr/bin/c++]
  ignore line: [COLLECT_LTO_WRAPPER=/usr/lib/gcc/x86_64-linux-gnu/7/lto-wrapper]
  ignore line: [OFFLOAD_TARGET_NAMES=nvptx-none]
  ignore line: [OFFLOAD_TARGET_DEFAULT=1]
  ignore line: [Target: x86_64-linux-gnu]
  ignore line: [Configured with: ../src/configure -v --with-pkgversion='Ubuntu 7.3.0-27ubuntu1~18.04' --with-bugurl=file:///usr/share/doc/gcc-7/README.Bugs --enable-languages=c,ada,c++,go,brig,d,fortran,objc,obj-c++ --prefix=/usr --with-gcc-major-version-only --program-suffix=-7 --program-prefix=x86_64-linux-gnu- --enable-shared --enable-linker-build-id --libexecdir=/usr/lib --without-included-gettext --enable-threads=posix --libdir=/usr/lib --enable-nls --with-sysroot=/ --enable-clocale=gnu --enable-libstdcxx-debug --enable-libstdcxx-time=yes --with-default-libstdcxx-abi=new --enable-gnu-unique-object --disable-vtable-verify --enable-libmpx --enable-plugin --enable-default-pie --with-system-zlib --with-target-system-zlib --enable-objc-gc=auto --enable-multiarch --disable-werror --with-arch-32=i686 --with-abi=m64 --with-multilib-list=m32,m64,mx32 --enable-multilib --with-tune=generic --enable-offload-targets=nvptx-none --without-cuda-driver --enable-checking=release --build=x86_64-linux-gnu --host=x86_64-linux-gnu --target=x86_64-linux-gnu]
  ignore line: [Thread model: posix]
  ignore line: [gcc version 7.3.0 (Ubuntu 7.3.0-27ubuntu1~18.04) ]
  ignore line: [COMPILER_PATH=/usr/lib/gcc/x86_64-linux-gnu/7/:/usr/lib/gcc/x86_64-linux-gnu/7/:/usr/lib/gcc/x86_64-linux-gnu/:/usr/lib/gcc/x86_64-linux-gnu/7/:/usr/lib/gcc/x86_64-linux-gnu/]
  ignore line: [LIBRARY_PATH=/usr/lib/gcc/x86_64-linux-gnu/7/:/usr/lib/gcc/x86_64-linux-gnu/7/../../../x86_64-linux-gnu/:/usr/lib/gcc/x86_64-linux-gnu/7/../../../../lib/:/lib/x86_64-linux-gnu/:/lib/../lib/:/usr/lib/x86_64-linux-gnu/:/usr/lib/../lib/:/usr/lib/gcc/x86_64-linux-gnu/7/../../../:/lib/:/usr/lib/]
  ignore line: [COLLECT_GCC_OPTIONS='-v' '-o' 'cmTC_14d5f' '-shared-libgcc' '-mtune=generic' '-march=x86-64']
  link line: [ /usr/lib/gcc/x86_64-linux-gnu/7/collect2 -plugin /usr/lib/gcc/x86_64-linux-gnu/7/liblto_plugin.so -plugin-opt=/usr/lib/gcc/x86_64-linux-gnu/7/lto-wrapper -plugin-opt=-fresolution=/tmp/ccQs3RGc.res -plugin-opt=-pass-through=-lgcc_s -plugin-opt=-pass-through=-lgcc -plugin-opt=-pass-through=-lc -plugin-opt=-pass-through=-lgcc_s -plugin-opt=-pass-through=-lgcc --sysroot=/ --build-id --eh-frame-hdr -m elf_x86_64 --hash-style=gnu --as-needed -dynamic-linker /lib64/ld-linux-x86-64.so.2 -pie -z now -z relro -o cmTC_14d5f /usr/lib/gcc/x86_64-linux-gnu/7/../../../x86_64-linux-gnu/Scrt1.o /usr/lib/gcc/x86_64-linux-gnu/7/../../../x86_64-linux-gnu/crti.o /usr/lib/gcc/x86_64-linux-gnu/7/crtbeginS.o -L/usr/lib/gcc/x86_64-linux-gnu/7 -L/usr/lib/gcc/x86_64-linux-gnu/7/../../../x86_64-linux-gnu -L/usr/lib/gcc/x86_64-linux-gnu/7/../../../../lib -L/lib/x86_64-linux-gnu -L/lib/../lib -L/usr/lib/x86_64-linux-gnu -L/usr/lib/../lib -L/usr/lib/gcc/x86_64-linux-gnu/7/../../.. CMakeFiles/cmTC_14d5f.dir/CMakeCXXCompilerABI.cpp.o -lstdc++ -lm -lgcc_s -lgcc -lc -lgcc_s -lgcc /usr/lib/gcc/x86_64-linux-gnu/7/crtendS.o /usr/lib/gcc/x86_64-linux-gnu/7/../../../x86_64-linux-gnu/crtn.o]
    arg [/usr/lib/gcc/x86_64-linux-gnu/7/collect2] ==> ignore
    arg [-plugin] ==> ignore
    arg [/usr/lib/gcc/x86_64-linux-gnu/7/liblto_plugin.so] ==> ignore
    arg [-plugin-opt=/usr/lib/gcc/x86_64-linux-gnu/7/lto-wrapper] ==> ignore
    arg [-plugin-opt=-fresolution=/tmp/ccQs3RGc.res] ==> ignore
    arg [-plugin-opt=-pass-through=-lgcc_s] ==> ignore
    arg [-plugin-opt=-pass-through=-lgcc] ==> ignore
    arg [-plugin-opt=-pass-through=-lc] ==> ignore
    arg [-plugin-opt=-pass-through=-lgcc_s] ==> ignore
    arg [-plugin-opt=-pass-through=-lgcc] ==> ignore
    arg [--sysroot=/] ==> ignore
    arg [--build-id] ==> ignore
    arg [--eh-frame-hdr] ==> ignore
    arg [-m] ==> ignore
    arg [elf_x86_64] ==> ignore
    arg [--hash-style=gnu] ==> ignore
    arg [--as-needed] ==> ignore
    arg [-dynamic-linker] ==> ignore
    arg [/lib64/ld-linux-x86-64.so.2] ==> ignore
    arg [-pie] ==> ignore
    arg [-znow] ==> ignore
    arg [-zrelro] ==> ignore
    arg [-o] ==> ignore
    arg [cmTC_14d5f] ==> ignore
    arg [/usr/lib/gcc/x86_64-linux-gnu/7/../../../x86_64-linux-gnu/Scrt1.o] ==> ignore
    arg [/usr/lib/gcc/x86_64-linux-gnu/7/../../../x86_64-linux-gnu/crti.o] ==> ignore
    arg [/usr/lib/gcc/x86_64-linux-gnu/7/crtbeginS.o] ==> ignore
    arg [-L/usr/lib/gcc/x86_64-linux-gnu/7] ==> dir [/usr/lib/gcc/x86_64-linux-gnu/7]
    arg [-L/usr/lib/gcc/x86_64-linux-gnu/7/../../../x86_64-linux-gnu] ==> dir [/usr/lib/gcc/x86_64-linux-gnu/7/../../../x86_64-linux-gnu]
    arg [-L/usr/lib/gcc/x86_64-linux-gnu/7/../../../../lib] ==> dir [/usr/lib/gcc/x86_64-linux-gnu/7/../../../../lib]
    arg [-L/lib/x86_64-linux-gnu] ==> dir [/lib/x86_64-linux-gnu]
    arg [-L/lib/../lib] ==> dir [/lib/../lib]
    arg [-L/usr/lib/x86_64-linux-gnu] ==> dir [/usr/lib/x86_64-linux-gnu]
    arg [-L/usr/lib/../lib] ==> dir [/usr/lib/../lib]
    arg [-L/usr/lib/gcc/x86_64-linux-gnu/7/../../..] ==> dir [/usr/lib/gcc/x86_64-linux-gnu/7/../../..]
    arg [CMakeFiles/cmTC_14d5f.dir/CMakeCXXCompilerABI.cpp.o] ==> ignore
    arg [-lstdc++] ==> lib [stdc++]
    arg [-lm] ==> lib [m]
    arg [-lgcc_s] ==> lib [gcc_s]
    arg [-lgcc] ==> lib [gcc]
    arg [-lc] ==> lib [c]
    arg [-lgcc_s] ==> lib [gcc_s]
    arg [-lgcc] ==> lib [gcc]
    arg [/usr/lib/gcc/x86_64-linux-gnu/7/crtendS.o] ==> ignore
    arg [/usr/lib/gcc/x86_64-linux-gnu/7/../../../x86_64-linux-gnu/crtn.o] ==> ignore
  collapse library dir [/usr/lib/gcc/x86_64-linux-gnu/7] ==> [/usr/lib/gcc/x86_64-linux-gnu/7]
  collapse library dir [/usr/lib/gcc/x86_64-linux-gnu/7/../../../x86_64-linux-gnu] ==> [/usr/lib/x86_64-linux-gnu]
  collapse library dir [/usr/lib/gcc/x86_64-linux-gnu/7/../../../../lib] ==> [/usr/lib]
  collapse library dir [/lib/x86_64-linux-gnu] ==> [/lib/x86_64-linux-gnu]
  collapse library dir [/lib/../lib] ==> [/lib]
  collapse library dir [/usr/lib/x86_64-linux-gnu] ==> [/usr/lib/x86_64-linux-gnu]
  collapse library dir [/usr/lib/../lib] ==> [/usr/lib]
  collapse library dir [/usr/lib/gcc/x86_64-linux-gnu/7/../../..] ==> [/usr/lib]
  implicit libs: [stdc++;m;gcc_s;gcc;c;gcc_s;gcc]
  implicit dirs: [/usr/lib/gcc/x86_64-linux-gnu/7;/usr/lib/x86_64-linux-gnu;/usr/lib;/lib/x86_64-linux-gnu;/lib]
  implicit fwks: []




Detecting CXX [-std=c++1z] compiler features compiled with the following output:
Change Dir: /home/davelinux/Dokumenty/GIT/PROJEKT/cmake-build-debug/CMakeFiles/CMakeTmp

Run Build Command:"/usr/bin/make" "cmTC_c9eea/fast"
/usr/bin/make -f CMakeFiles/cmTC_c9eea.dir/build.make CMakeFiles/cmTC_c9eea.dir/build
make[1]: Vstupuje se do adresáře „/home/davelinux/Dokumenty/GIT/PROJEKT/cmake-build-debug/CMakeFiles/CMakeTmp“
Building CXX object CMakeFiles/cmTC_c9eea.dir/feature_tests.cxx.o
/usr/bin/c++    -std=c++1z -o CMakeFiles/cmTC_c9eea.dir/feature_tests.cxx.o -c /home/davelinux/Dokumenty/GIT/PROJEKT/cmake-build-debug/CMakeFiles/feature_tests.cxx
Linking CXX executable cmTC_c9eea
/opt/clion-2018.3.4/bin/cmake/linux/bin/cmake -E cmake_link_script CMakeFiles/cmTC_c9eea.dir/link.txt --verbose=1
/usr/bin/c++       CMakeFiles/cmTC_c9eea.dir/feature_tests.cxx.o  -o cmTC_c9eea 
make[1]: Opouští se adresář „/home/davelinux/Dokumenty/GIT/PROJEKT/cmake-build-debug/CMakeFiles/CMakeTmp“


    Feature record: CXX_FEATURE:1cxx_aggregate_default_initializers
    Feature record: CXX_FEATURE:1cxx_alias_templates
    Feature record: CXX_FEATURE:1cxx_alignas
    Feature record: CXX_FEATURE:1cxx_alignof
    Feature record: CXX_FEATURE:1cxx_attributes
    Feature record: CXX_FEATURE:1cxx_attribute_deprecated
    Feature record: CXX_FEATURE:1cxx_auto_type
    Feature record: CXX_FEATURE:1cxx_binary_literals
    Feature record: CXX_FEATURE:1cxx_constexpr
    Feature record: CXX_FEATURE:1cxx_contextual_conversions
    Feature record: CXX_FEATURE:1cxx_decltype
    Feature record: CXX_FEATURE:1cxx_decltype_auto
    Feature record: CXX_FEATURE:1cxx_decltype_incomplete_return_types
    Feature record: CXX_FEATURE:1cxx_default_function_template_args
    Feature record: CXX_FEATURE:1cxx_defaulted_functions
    Feature record: CXX_FEATURE:1cxx_defaulted_move_initializers
    Feature record: CXX_FEATURE:1cxx_delegating_constructors
    Feature record: CXX_FEATURE:1cxx_deleted_functions
    Feature record: CXX_FEATURE:1cxx_digit_separators
    Feature record: CXX_FEATURE:1cxx_enum_forward_declarations
    Feature record: CXX_FEATURE:1cxx_explicit_conversions
    Feature record: CXX_FEATURE:1cxx_extended_friend_declarations
    Feature record: CXX_FEATURE:1cxx_extern_templates
    Feature record: CXX_FEATURE:1cxx_final
    Feature record: CXX_FEATURE:1cxx_func_identifier
    Feature record: CXX_FEATURE:1cxx_generalized_initializers
    Feature record: CXX_FEATURE:1cxx_generic_lambdas
    Feature record: CXX_FEATURE:1cxx_inheriting_constructors
    Feature record: CXX_FEATURE:1cxx_inline_namespaces
    Feature record: CXX_FEATURE:1cxx_lambdas
    Feature record: CXX_FEATURE:1cxx_lambda_init_captures
    Feature record: CXX_FEATURE:1cxx_local_type_template_args
    Feature record: CXX_FEATURE:1cxx_long_long_type
    Feature record: CXX_FEATURE:1cxx_noexcept
    Feature record: CXX_FEATURE:1cxx_nonstatic_member_init
    Feature record: CXX_FEATURE:1cxx_nullptr
    Feature record: CXX_FEATURE:1cxx_override
    Feature record: CXX_FEATURE:1cxx_range_for
    Feature record: CXX_FEATURE:1cxx_raw_string_literals
    Feature record: CXX_FEATURE:1cxx_reference_qualified_functions
    Feature record: CXX_FEATURE:1cxx_relaxed_constexpr
    Feature record: CXX_FEATURE:1cxx_return_type_deduction
    Feature record: CXX_FEATURE:1cxx_right_angle_brackets
    Feature record: CXX_FEATURE:1cxx_rvalue_references
    Feature record: CXX_FEATURE:1cxx_sizeof_member
    Feature record: CXX_FEATURE:1cxx_static_assert
    Feature record: CXX_FEATURE:1cxx_strong_enums
    Feature record: CXX_FEATURE:1cxx_template_template_parameters
    Feature record: CXX_FEATURE:1cxx_thread_local
    Feature record: CXX_FEATURE:1cxx_trailing_return_types
    Feature record: CXX_FEATURE:1cxx_unicode_literals
    Feature record: CXX_FEATURE:1cxx_uniform_initialization
    Feature record: CXX_FEATURE:1cxx_unrestricted_unions
    Feature record: CXX_FEATURE:1cxx_user_literals
    Feature record: CXX_FEATURE:1cxx_variable_templates
    Feature record: CXX_FEATURE:1cxx_variadic_macros
    Feature record: CXX_FEATURE:1cxx_variadic_templates


Detecting CXX [-std=c++14] compiler features compiled with the following output:
Change Dir: /home/davelinux/Dokumenty/GIT/PROJEKT/cmake-build-debug/CMakeFiles/CMakeTmp

Run Build Command:"/usr/bin/make" "cmTC_e4000/fast"
/usr/bin/make -f CMakeFiles/cmTC_e4000.dir/build.make CMakeFiles/cmTC_e4000.dir/build
make[1]: Vstupuje se do adresáře „/home/davelinux/Dokumenty/GIT/PROJEKT/cmake-build-debug/CMakeFiles/CMakeTmp“
Building CXX object CMakeFiles/cmTC_e4000.dir/feature_tests.cxx.o
/usr/bin/c++    -std=c++14 -o CMakeFiles/cmTC_e4000.dir/feature_tests.cxx.o -c /home/davelinux/Dokumenty/GIT/PROJEKT/cmake-build-debug/CMakeFiles/feature_tests.cxx
Linking CXX executable cmTC_e4000
/opt/clion-2018.3.4/bin/cmake/linux/bin/cmake -E cmake_link_script CMakeFiles/cmTC_e4000.dir/link.txt --verbose=1
/usr/bin/c++       CMakeFiles/cmTC_e4000.dir/feature_tests.cxx.o  -o cmTC_e4000 
make[1]: Opouští se adresář „/home/davelinux/Dokumenty/GIT/PROJEKT/cmake-build-debug/CMakeFiles/CMakeTmp“


    Feature record: CXX_FEATURE:1cxx_aggregate_default_initializers
    Feature record: CXX_FEATURE:1cxx_alias_templates
    Feature record: CXX_FEATURE:1cxx_alignas
    Feature record: CXX_FEATURE:1cxx_alignof
    Feature record: CXX_FEATURE:1cxx_attributes
    Feature record: CXX_FEATURE:1cxx_attribute_deprecated
    Feature record: CXX_FEATURE:1cxx_auto_type
    Feature record: CXX_FEATURE:1cxx_binary_literals
    Feature record: CXX_FEATURE:1cxx_constexpr
    Feature record: CXX_FEATURE:1cxx_contextual_conversions
    Feature record: CXX_FEATURE:1cxx_decltype
    Feature record: CXX_FEATURE:1cxx_decltype_auto
    Feature record: CXX_FEATURE:1cxx_decltype_incomplete_return_types
    Feature record: CXX_FEATURE:1cxx_default_function_template_args
    Feature record: CXX_FEATURE:1cxx_defaulted_functions
    Feature record: CXX_FEATURE:1cxx_defaulted_move_initializers
    Feature record: CXX_FEATURE:1cxx_delegating_constructors
    Feature record: CXX_FEATURE:1cxx_deleted_functions
    Feature record: CXX_FEATURE:1cxx_digit_separators
    Feature record: CXX_FEATURE:1cxx_enum_forward_declarations
    Feature record: CXX_FEATURE:1cxx_explicit_conversions
    Feature record: CXX_FEATURE:1cxx_extended_friend_declarations
    Feature record: CXX_FEATURE:1cxx_extern_templates
    Feature record: CXX_FEATURE:1cxx_final
    Feature record: CXX_FEATURE:1cxx_func_identifier
    Feature record: CXX_FEATURE:1cxx_generalized_initializers
    Feature record: CXX_FEATURE:1cxx_generic_lambdas
    Feature record: CXX_FEATURE:1cxx_inheriting_constructors
    Feature record: CXX_FEATURE:1cxx_inline_namespaces
    Feature record: CXX_FEATURE:1cxx_lambdas
    Feature record: CXX_FEATURE:1cxx_lambda_init_captures
    Feature record: CXX_FEATURE:1cxx_local_type_template_args
    Feature record: CXX_FEATURE:1cxx_long_long_type
    Feature record: CXX_FEATURE:1cxx_noexcept
    Feature record: CXX_FEATURE:1cxx_nonstatic_member_init
    Feature record: CXX_FEATURE:1cxx_nullptr
    Feature record: CXX_FEATURE:1cxx_override
    Feature record: CXX_FEATURE:1cxx_range_for
    Feature record: CXX_FEATURE:1cxx_raw_string_literals
    Feature record: CXX_FEATURE:1cxx_reference_qualified_functions
    Feature record: CXX_FEATURE:1cxx_relaxed_constexpr
    Feature record: CXX_FEATURE:1cxx_return_type_deduction
    Feature record: CXX_FEATURE:1cxx_right_angle_brackets
    Feature record: CXX_FEATURE:1cxx_rvalue_references
    Feature record: CXX_FEATURE:1cxx_sizeof_member
    Feature record: CXX_FEATURE:1cxx_static_assert
    Feature record: CXX_FEATURE:1cxx_strong_enums
    Feature record: CXX_FEATURE:1cxx_template_template_parameters
    Feature record: CXX_FEATURE:1cxx_thread_local
    Feature record: CXX_FEATURE:1cxx_trailing_return_types
    Feature record: CXX_FEATURE:1cxx_unicode_literals
    Feature record: CXX_FEATURE:1cxx_uniform_initialization
    Feature record: CXX_FEATURE:1cxx_unrestricted_unions
    Feature record: CXX_FEATURE:1cxx_user_literals
    Feature record: CXX_FEATURE:1cxx_variable_templates
    Feature record: CXX_FEATURE:1cxx_variadic_macros
    Feature record: CXX_FEATURE:1cxx_variadic_templates


Detecting CXX [-std=c++11] compiler features compiled with the following output:
Change Dir: /home/davelinux/Dokumenty/GIT/PROJEKT/cmake-build-debug/CMakeFiles/CMakeTmp

Run Build Command:"/usr/bin/make" "cmTC_20cab/fast"
/usr/bin/make -f CMakeFiles/cmTC_20cab.dir/build.make CMakeFiles/cmTC_20cab.dir/build
make[1]: Vstupuje se do adresáře „/home/davelinux/Dokumenty/GIT/PROJEKT/cmake-build-debug/CMakeFiles/CMakeTmp“
Building CXX object CMakeFiles/cmTC_20cab.dir/feature_tests.cxx.o
/usr/bin/c++    -std=c++11 -o CMakeFiles/cmTC_20cab.dir/feature_tests.cxx.o -c /home/davelinux/Dokumenty/GIT/PROJEKT/cmake-build-debug/CMakeFiles/feature_tests.cxx
Linking CXX executable cmTC_20cab
/opt/clion-2018.3.4/bin/cmake/linux/bin/cmake -E cmake_link_script CMakeFiles/cmTC_20cab.dir/link.txt --verbose=1
/usr/bin/c++       CMakeFiles/cmTC_20cab.dir/feature_tests.cxx.o  -o cmTC_20cab 
make[1]: Opouští se adresář „/home/davelinux/Dokumenty/GIT/PROJEKT/cmake-build-debug/CMakeFiles/CMakeTmp“


    Feature record: CXX_FEATURE:0cxx_aggregate_default_initializers
    Feature record: CXX_FEATURE:1cxx_alias_templates
    Feature record: CXX_FEATURE:1cxx_alignas
    Feature record: CXX_FEATURE:1cxx_alignof
    Feature record: CXX_FEATURE:1cxx_attributes
    Feature record: CXX_FEATURE:0cxx_attribute_deprecated
    Feature record: CXX_FEATURE:1cxx_auto_type
    Feature record: CXX_FEATURE:0cxx_binary_literals
    Feature record: CXX_FEATURE:1cxx_constexpr
    Feature record: CXX_FEATURE:0cxx_contextual_conversions
    Feature record: CXX_FEATURE:1cxx_decltype
    Feature record: CXX_FEATURE:0cxx_decltype_auto
    Feature record: CXX_FEATURE:1cxx_decltype_incomplete_return_types
    Feature record: CXX_FEATURE:1cxx_default_function_template_args
    Feature record: CXX_FEATURE:1cxx_defaulted_functions
    Feature record: CXX_FEATURE:1cxx_defaulted_move_initializers
    Feature record: CXX_FEATURE:1cxx_delegating_constructors
    Feature record: CXX_FEATURE:1cxx_deleted_functions
    Feature record: CXX_FEATURE:0cxx_digit_separators
    Feature record: CXX_FEATURE:1cxx_enum_forward_declarations
    Feature record: CXX_FEATURE:1cxx_explicit_conversions
    Feature record: CXX_FEATURE:1cxx_extended_friend_declarations
    Feature record: CXX_FEATURE:1cxx_extern_templates
    Feature record: CXX_FEATURE:1cxx_final
    Feature record: CXX_FEATURE:1cxx_func_identifier
    Feature record: CXX_FEATURE:1cxx_generalized_initializers
    Feature record: CXX_FEATURE:0cxx_generic_lambdas
    Feature record: CXX_FEATURE:1cxx_inheriting_constructors
    Feature record: CXX_FEATURE:1cxx_inline_namespaces
    Feature record: CXX_FEATURE:1cxx_lambdas
    Feature record: CXX_FEATURE:0cxx_lambda_init_captures
    Feature record: CXX_FEATURE:1cxx_local_type_template_args
    Feature record: CXX_FEATURE:1cxx_long_long_type
    Feature record: CXX_FEATURE:1cxx_noexcept
    Feature record: CXX_FEATURE:1cxx_nonstatic_member_init
    Feature record: CXX_FEATURE:1cxx_nullptr
    Feature record: CXX_FEATURE:1cxx_override
    Feature record: CXX_FEATURE:1cxx_range_for
    Feature record: CXX_FEATURE:1cxx_raw_string_literals
    Feature record: CXX_FEATURE:1cxx_reference_qualified_functions
    Feature record: CXX_FEATURE:0cxx_relaxed_constexpr
    Feature record: CXX_FEATURE:0cxx_return_type_deduction
    Feature record: CXX_FEATURE:1cxx_right_angle_brackets
    Feature record: CXX_FEATURE:1cxx_rvalue_references
    Feature record: CXX_FEATURE:1cxx_sizeof_member
    Feature record: CXX_FEATURE:1cxx_static_assert
    Feature record: CXX_FEATURE:1cxx_strong_enums
    Feature record: CXX_FEATURE:1cxx_template_template_parameters
    Feature record: CXX_FEATURE:1cxx_thread_local
    Feature record: CXX_FEATURE:1cxx_trailing_return_types
    Feature record: CXX_FEATURE:1cxx_unicode_literals
    Feature record: CXX_FEATURE:1cxx_uniform_initialization
    Feature record: CXX_FEATURE:1cxx_unrestricted_unions
    Feature record: CXX_FEATURE:1cxx_user_literals
    Feature record: CXX_FEATURE:0cxx_variable_templates
    Feature record: CXX_FEATURE:1cxx_variadic_macros
    Feature record: CXX_FEATURE:1cxx_variadic_templates


Detecting CXX [-std=c++98] compiler features compiled with the following output:
Change Dir: /home/davelinux/Dokumenty/GIT/PROJEKT/cmake-build-debug/CMakeFiles/CMakeTmp

Run Build Command:"/usr/bin/make" "cmTC_8212a/fast"
/usr/bin/make -f CMakeFiles/cmTC_8212a.dir/build.make CMakeFiles/cmTC_8212a.dir/build
make[1]: Vstupuje se do adresáře „/home/davelinux/Dokumenty/GIT/PROJEKT/cmake-build-debug/CMakeFiles/CMakeTmp“
Building CXX object CMakeFiles/cmTC_8212a.dir/feature_tests.cxx.o
/usr/bin/c++    -std=c++98 -o CMakeFiles/cmTC_8212a.dir/feature_tests.cxx.o -c /home/davelinux/Dokumenty/GIT/PROJEKT/cmake-build-debug/CMakeFiles/feature_tests.cxx
Linking CXX executable cmTC_8212a
/opt/clion-2018.3.4/bin/cmake/linux/bin/cmake -E cmake_link_script CMakeFiles/cmTC_8212a.dir/link.txt --verbose=1
/usr/bin/c++       CMakeFiles/cmTC_8212a.dir/feature_tests.cxx.o  -o cmTC_8212a 
make[1]: Opouští se adresář „/home/davelinux/Dokumenty/GIT/PROJEKT/cmake-build-debug/CMakeFiles/CMakeTmp“


    Feature record: CXX_FEATURE:0cxx_aggregate_default_initializers
    Feature record: CXX_FEATURE:0cxx_alias_templates
    Feature record: CXX_FEATURE:0cxx_alignas
    Feature record: CXX_FEATURE:0cxx_alignof
    Feature record: CXX_FEATURE:0cxx_attributes
    Feature record: CXX_FEATURE:0cxx_attribute_deprecated
    Feature record: CXX_FEATURE:0cxx_auto_type
    Feature record: CXX_FEATURE:0cxx_binary_literals
    Feature record: CXX_FEATURE:0cxx_constexpr
    Feature record: CXX_FEATURE:0cxx_contextual_conversions
    Feature record: CXX_FEATURE:0cxx_decltype
    Feature record: CXX_FEATURE:0cxx_decltype_auto
    Feature record: CXX_FEATURE:0cxx_decltype_incomplete_return_types
    Feature record: CXX_FEATURE:0cxx_default_function_template_args
    Feature record: CXX_FEATURE:0cxx_defaulted_functions
    Feature record: CXX_FEATURE:0cxx_defaulted_move_initializers
    Feature record: CXX_FEATURE:0cxx_delegating_constructors
    Feature record: CXX_FEATURE:0cxx_deleted_functions
    Feature record: CXX_FEATURE:0cxx_digit_separators
    Feature record: CXX_FEATURE:0cxx_enum_forward_declarations
    Feature record: CXX_FEATURE:0cxx_explicit_conversions
    Feature record: CXX_FEATURE:0cxx_extended_friend_declarations
    Feature record: CXX_FEATURE:0cxx_extern_templates
    Feature record: CXX_FEATURE:0cxx_final
    Feature record: CXX_FEATURE:0cxx_func_identifier
    Feature record: CXX_FEATURE:0cxx_generalized_initializers
    Feature record: CXX_FEATURE:0cxx_generic_lambdas
    Feature record: CXX_FEATURE:0cxx_inheriting_constructors
    Feature record: CXX_FEATURE:0cxx_inline_namespaces
    Feature record: CXX_FEATURE:0cxx_lambdas
    Feature record: CXX_FEATURE:0cxx_lambda_init_captures
    Feature record: CXX_FEATURE:0cxx_local_type_template_args
    Feature record: CXX_FEATURE:0cxx_long_long_type
    Feature record: CXX_FEATURE:0cxx_noexcept
    Feature record: CXX_FEATURE:0cxx_nonstatic_member_init
    Feature record: CXX_FEATURE:0cxx_nullptr
    Feature record: CXX_FEATURE:0cxx_override
    Feature record: CXX_FEATURE:0cxx_range_for
    Feature record: CXX_FEATURE:0cxx_raw_string_literals
    Feature record: CXX_FEATURE:0cxx_reference_qualified_functions
    Feature record: CXX_FEATURE:0cxx_relaxed_constexpr
    Feature record: CXX_FEATURE:0cxx_return_type_deduction
    Feature record: CXX_FEATURE:0cxx_right_angle_brackets
    Feature record: CXX_FEATURE:0cxx_rvalue_references
    Feature record: CXX_FEATURE:0cxx_sizeof_member
    Feature record: CXX_FEATURE:0cxx_static_assert
    Feature record: CXX_FEATURE:0cxx_strong_enums
    Feature record: CXX_FEATURE:1cxx_template_template_parameters
    Feature record: CXX_FEATURE:0cxx_thread_local
    Feature record: CXX_FEATURE:0cxx_trailing_return_types
    Feature record: CXX_FEATURE:0cxx_unicode_literals
    Feature record: CXX_FEATURE:0cxx_uniform_initialization
    Feature record: CXX_FEATURE:0cxx_unrestricted_unions
    Feature record: CXX_FEATURE:0cxx_user_literals
    Feature record: CXX_FEATURE:0cxx_variable_templates
    Feature record: CXX_FEATURE:0cxx_variadic_macros
    Feature record: CXX_FEATURE:0cxx_variadic_templates
Determining if the include file pthread.h exists passed with the following output:
Change Dir: /home/davelinux/Dokumenty/GIT/PROJEKT/cmake-build-debug/CMakeFiles/CMakeTmp

Run Build Command:"/usr/bin/make" "cmTC_b080a/fast"
make[1]: Vstupuje se do adresáře „/home/davelinux/Dokumenty/GIT/PROJEKT/cmake-build-debug/CMakeFiles/CMakeTmp“
/usr/bin/make -f CMakeFiles/cmTC_b080a.dir/build.make CMakeFiles/cmTC_b080a.dir/build
make[2]: Vstupuje se do adresáře „/home/davelinux/Dokumenty/GIT/PROJEKT/cmake-build-debug/CMakeFiles/CMakeTmp“
Building C object CMakeFiles/cmTC_b080a.dir/CheckIncludeFile.c.o
/usr/bin/cc    -o CMakeFiles/cmTC_b080a.dir/CheckIncludeFile.c.o   -c /home/davelinux/Dokumenty/GIT/PROJEKT/cmake-build-debug/CMakeFiles/CMakeTmp/CheckIncludeFile.c
Linking C executable cmTC_b080a
/opt/clion-2018.3.4/bin/cmake/linux/bin/cmake -E cmake_link_script CMakeFiles/cmTC_b080a.dir/link.txt --verbose=1
/usr/bin/cc      -rdynamic CMakeFiles/cmTC_b080a.dir/CheckIncludeFile.c.o  -o cmTC_b080a 
make[2]: Opouští se adresář „/home/davelinux/Dokumenty/GIT/PROJEKT/cmake-build-debug/CMakeFiles/CMakeTmp“
make[1]: Opouští se adresář „/home/davelinux/Dokumenty/GIT/PROJEKT/cmake-build-debug/CMakeFiles/CMakeTmp“


Determining if the function pthread_create exists in the pthread passed with the following output:
Change Dir: /home/davelinux/Dokumenty/GIT/PROJEKT/cmake-build-debug/CMakeFiles/CMakeTmp

Run Build Command:"/usr/bin/make" "cmTC_55325/fast"
make[1]: Vstupuje se do adresáře „/home/davelinux/Dokumenty/GIT/PROJEKT/cmake-build-debug/CMakeFiles/CMakeTmp“
/usr/bin/make -f CMakeFiles/cmTC_55325.dir/build.make CMakeFiles/cmTC_55325.dir/build
make[2]: Vstupuje se do adresáře „/home/davelinux/Dokumenty/GIT/PROJEKT/cmake-build-debug/CMakeFiles/CMakeTmp“
Building C object CMakeFiles/cmTC_55325.dir/CheckFunctionExists.c.o
/usr/bin/cc   -DCHECK_FUNCTION_EXISTS=pthread_create   -o CMakeFiles/cmTC_55325.dir/CheckFunctionExists.c.o   -c /opt/clion-2018.3.4/bin/cmake/linux/share/cmake-3.13/Modules/CheckFunctionExists.c
Linking C executable cmTC_55325
/opt/clion-2018.3.4/bin/cmake/linux/bin/cmake -E cmake_link_script CMakeFiles/cmTC_55325.dir/link.txt --verbose=1
/usr/bin/cc  -DCHECK_FUNCTION_EXISTS=pthread_create    -rdynamic CMakeFiles/cmTC_55325.dir/CheckFunctionExists.c.o  -o cmTC_55325 -lpthread 
make[2]: Opouští se adresář „/home/davelinux/Dokumenty/GIT/PROJEKT/cmake-build-debug/CMakeFiles/CMakeTmp“
make[1]: Opouští se adresář „/home/davelinux/Dokumenty/GIT/PROJEKT/cmake-build-debug/CMakeFiles/CMakeTmp“


Determining if the function XOpenDisplay exists in the /usr/lib/x86_64-linux-gnu/libX11.so;/usr/lib/x86_64-linux-gnu/libXext.so passed with the following output:
Change Dir: /home/davelinux/Dokumenty/GIT/PROJEKT/cmake-build-debug/CMakeFiles/CMakeTmp

Run Build Command:"/usr/bin/make" "cmTC_999a5/fast"
make[1]: Vstupuje se do adresáře „/home/davelinux/Dokumenty/GIT/PROJEKT/cmake-build-debug/CMakeFiles/CMakeTmp“
/usr/bin/make -f CMakeFiles/cmTC_999a5.dir/build.make CMakeFiles/cmTC_999a5.dir/build
make[2]: Vstupuje se do adresáře „/home/davelinux/Dokumenty/GIT/PROJEKT/cmake-build-debug/CMakeFiles/CMakeTmp“
Building C object CMakeFiles/cmTC_999a5.dir/CheckFunctionExists.c.o
/usr/bin/cc   -DCHECK_FUNCTION_EXISTS=XOpenDisplay   -o CMakeFiles/cmTC_999a5.dir/CheckFunctionExists.c.o   -c /opt/clion-2018.3.4/bin/cmake/linux/share/cmake-3.13/Modules/CheckFunctionExists.c
Linking C executable cmTC_999a5
/opt/clion-2018.3.4/bin/cmake/linux/bin/cmake -E cmake_link_script CMakeFiles/cmTC_999a5.dir/link.txt --verbose=1
/usr/bin/cc  -DCHECK_FUNCTION_EXISTS=XOpenDisplay    -rdynamic CMakeFiles/cmTC_999a5.dir/CheckFunctionExists.c.o  -o cmTC_999a5 /usr/lib/x86_64-linux-gnu/libX11.so /usr/lib/x86_64-linux-gnu/libXext.so 
make[2]: Opouští se adresář „/home/davelinux/Dokumenty/GIT/PROJEKT/cmake-build-debug/CMakeFiles/CMakeTmp“
make[1]: Opouští se adresář „/home/davelinux/Dokumenty/GIT/PROJEKT/cmake-build-debug/CMakeFiles/CMakeTmp“


Determining if the function gethostbyname exists passed with the following output:
Change Dir: /home/davelinux/Dokumenty/GIT/PROJEKT/cmake-build-debug/CMakeFiles/CMakeTmp

Run Build Command:"/usr/bin/make" "cmTC_ab1cf/fast"
make[1]: Vstupuje se do adresáře „/home/davelinux/Dokumenty/GIT/PROJEKT/cmake-build-debug/CMakeFiles/CMakeTmp“
/usr/bin/make -f CMakeFiles/cmTC_ab1cf.dir/build.make CMakeFiles/cmTC_ab1cf.dir/build
make[2]: Vstupuje se do adresáře „/home/davelinux/Dokumenty/GIT/PROJEKT/cmake-build-debug/CMakeFiles/CMakeTmp“
Building C object CMakeFiles/cmTC_ab1cf.dir/CheckFunctionExists.c.o
/usr/bin/cc   -DCHECK_FUNCTION_EXISTS=gethostbyname   -o CMakeFiles/cmTC_ab1cf.dir/CheckFunctionExists.c.o   -c /opt/clion-2018.3.4/bin/cmake/linux/share/cmake-3.13/Modules/CheckFunctionExists.c
Linking C executable cmTC_ab1cf
/opt/clion-2018.3.4/bin/cmake/linux/bin/cmake -E cmake_link_script CMakeFiles/cmTC_ab1cf.dir/link.txt --verbose=1
/usr/bin/cc  -DCHECK_FUNCTION_EXISTS=gethostbyname    -rdynamic CMakeFiles/cmTC_ab1cf.dir/CheckFunctionExists.c.o  -o cmTC_ab1cf 
make[2]: Opouští se adresář „/home/davelinux/Dokumenty/GIT/PROJEKT/cmake-build-debug/CMakeFiles/CMakeTmp“
make[1]: Opouští se adresář „/home/davelinux/Dokumenty/GIT/PROJEKT/cmake-build-debug/CMakeFiles/CMakeTmp“


Determining if the function connect exists passed with the following output:
Change Dir: /home/davelinux/Dokumenty/GIT/PROJEKT/cmake-build-debug/CMakeFiles/CMakeTmp

Run Build Command:"/usr/bin/make" "cmTC_d3d1d/fast"
make[1]: Vstupuje se do adresáře „/home/davelinux/Dokumenty/GIT/PROJEKT/cmake-build-debug/CMakeFiles/CMakeTmp“
/usr/bin/make -f CMakeFiles/cmTC_d3d1d.dir/build.make CMakeFiles/cmTC_d3d1d.dir/build
make[2]: Vstupuje se do adresáře „/home/davelinux/Dokumenty/GIT/PROJEKT/cmake-build-debug/CMakeFiles/CMakeTmp“
Building C object CMakeFiles/cmTC_d3d1d.dir/CheckFunctionExists.c.o
/usr/bin/cc   -DCHECK_FUNCTION_EXISTS=connect   -o CMakeFiles/cmTC_d3d1d.dir/CheckFunctionExists.c.o   -c /opt/clion-2018.3.4/bin/cmake/linux/share/cmake-3.13/Modules/CheckFunctionExists.c
Linking C executable cmTC_d3d1d
/opt/clion-2018.3.4/bin/cmake/linux/bin/cmake -E cmake_link_script CMakeFiles/cmTC_d3d1d.dir/link.txt --verbose=1
/usr/bin/cc  -DCHECK_FUNCTION_EXISTS=connect    -rdynamic CMakeFiles/cmTC_d3d1d.dir/CheckFunctionExists.c.o  -o cmTC_d3d1d 
make[2]: Opouští se adresář „/home/davelinux/Dokumenty/GIT/PROJEKT/cmake-build-debug/CMakeFiles/CMakeTmp“
make[1]: Opouští se adresář „/home/davelinux/Dokumenty/GIT/PROJEKT/cmake-build-debug/CMakeFiles/CMakeTmp“


Determining if the function remove exists passed with the following output:
Change Dir: /home/davelinux/Dokumenty/GIT/PROJEKT/cmake-build-debug/CMakeFiles/CMakeTmp

Run Build Command:"/usr/bin/make" "cmTC_65ec9/fast"
make[1]: Vstupuje se do adresáře „/home/davelinux/Dokumenty/GIT/PROJEKT/cmake-build-debug/CMakeFiles/CMakeTmp“
/usr/bin/make -f CMakeFiles/cmTC_65ec9.dir/build.make CMakeFiles/cmTC_65ec9.dir/build
make[2]: Vstupuje se do adresáře „/home/davelinux/Dokumenty/GIT/PROJEKT/cmake-build-debug/CMakeFiles/CMakeTmp“
Building C object CMakeFiles/cmTC_65ec9.dir/CheckFunctionExists.c.o
/usr/bin/cc   -DCHECK_FUNCTION_EXISTS=remove   -o CMakeFiles/cmTC_65ec9.dir/CheckFunctionExists.c.o   -c /opt/clion-2018.3.4/bin/cmake/linux/share/cmake-3.13/Modules/CheckFunctionExists.c
Linking C executable cmTC_65ec9
/opt/clion-2018.3.4/bin/cmake/linux/bin/cmake -E cmake_link_script CMakeFiles/cmTC_65ec9.dir/link.txt --verbose=1
/usr/bin/cc  -DCHECK_FUNCTION_EXISTS=remove    -rdynamic CMakeFiles/cmTC_65ec9.dir/CheckFunctionExists.c.o  -o cmTC_65ec9 
make[2]: Opouští se adresář „/home/davelinux/Dokumenty/GIT/PROJEKT/cmake-build-debug/CMakeFiles/CMakeTmp“
make[1]: Opouští se adresář „/home/davelinux/Dokumenty/GIT/PROJEKT/cmake-build-debug/CMakeFiles/CMakeTmp“


Determining if the function shmat exists passed with the following output:
Change Dir: /home/davelinux/Dokumenty/GIT/PROJEKT/cmake-build-debug/CMakeFiles/CMakeTmp

Run Build Command:"/usr/bin/make" "cmTC_c5f2b/fast"
make[1]: Vstupuje se do adresáře „/home/davelinux/Dokumenty/GIT/PROJEKT/cmake-build-debug/CMakeFiles/CMakeTmp“
/usr/bin/make -f CMakeFiles/cmTC_c5f2b.dir/build.make CMakeFiles/cmTC_c5f2b.dir/build
make[2]: Vstupuje se do adresáře „/home/davelinux/Dokumenty/GIT/PROJEKT/cmake-build-debug/CMakeFiles/CMakeTmp“
Building C object CMakeFiles/cmTC_c5f2b.dir/CheckFunctionExists.c.o
/usr/bin/cc   -DCHECK_FUNCTION_EXISTS=shmat   -o CMakeFiles/cmTC_c5f2b.dir/CheckFunctionExists.c.o   -c /opt/clion-2018.3.4/bin/cmake/linux/share/cmake-3.13/Modules/CheckFunctionExists.c
Linking C executable cmTC_c5f2b
/opt/clion-2018.3.4/bin/cmake/linux/bin/cmake -E cmake_link_script CMakeFiles/cmTC_c5f2b.dir/link.txt --verbose=1
/usr/bin/cc  -DCHECK_FUNCTION_EXISTS=shmat    -rdynamic CMakeFiles/cmTC_c5f2b.dir/CheckFunctionExists.c.o  -o cmTC_c5f2b 
make[2]: Opouští se adresář „/home/davelinux/Dokumenty/GIT/PROJEKT/cmake-build-debug/CMakeFiles/CMakeTmp“
make[1]: Opouští se adresář „/home/davelinux/Dokumenty/GIT/PROJEKT/cmake-build-debug/CMakeFiles/CMakeTmp“


Determining if the function IceConnectionNumber exists in the ICE passed with the following output:
Change Dir: /home/davelinux/Dokumenty/GIT/PROJEKT/cmake-build-debug/CMakeFiles/CMakeTmp

Run Build Command:"/usr/bin/make" "cmTC_d2e49/fast"
make[1]: Vstupuje se do adresáře „/home/davelinux/Dokumenty/GIT/PROJEKT/cmake-build-debug/CMakeFiles/CMakeTmp“
/usr/bin/make -f CMakeFiles/cmTC_d2e49.dir/build.make CMakeFiles/cmTC_d2e49.dir/build
make[2]: Vstupuje se do adresáře „/home/davelinux/Dokumenty/GIT/PROJEKT/cmake-build-debug/CMakeFiles/CMakeTmp“
Building C object CMakeFiles/cmTC_d2e49.dir/CheckFunctionExists.c.o
/usr/bin/cc   -DCHECK_FUNCTION_EXISTS=IceConnectionNumber   -o CMakeFiles/cmTC_d2e49.dir/CheckFunctionExists.c.o   -c /opt/clion-2018.3.4/bin/cmake/linux/share/cmake-3.13/Modules/CheckFunctionExists.c
Linking C executable cmTC_d2e49
/opt/clion-2018.3.4/bin/cmake/linux/bin/cmake -E cmake_link_script CMakeFiles/cmTC_d2e49.dir/link.txt --verbose=1
/usr/bin/cc  -DCHECK_FUNCTION_EXISTS=IceConnectionNumber    -rdynamic CMakeFiles/cmTC_d2e49.dir/CheckFunctionExists.c.o  -o cmTC_d2e49 -lICE 
make[2]: Opouští se adresář „/home/davelinux/Dokumenty/GIT/PROJEKT/cmake-build-debug/CMakeFiles/CMakeTmp“
make[1]: Opouští se adresář „/home/davelinux/Dokumenty/GIT/PROJEKT/cmake-build-debug/CMakeFiles/CMakeTmp“


Determining if the function png_create_read_struct exists passed with the following output:
Change Dir: /home/davelinux/Dokumenty/GIT/PROJEKT/cmake-build-debug/CMakeFiles/CMakeTmp

Run Build Command:"/usr/bin/make" "cmTC_0a5a8/fast"
make[1]: Vstupuje se do adresáře „/home/davelinux/Dokumenty/GIT/PROJEKT/cmake-build-debug/CMakeFiles/CMakeTmp“
/usr/bin/make -f CMakeFiles/cmTC_0a5a8.dir/build.make CMakeFiles/cmTC_0a5a8.dir/build
make[2]: Vstupuje se do adresáře „/home/davelinux/Dokumenty/GIT/PROJEKT/cmake-build-debug/CMakeFiles/CMakeTmp“
Building C object CMakeFiles/cmTC_0a5a8.dir/CheckFunctionExists.c.o
/usr/bin/cc   -DCHECK_FUNCTION_EXISTS=png_create_read_struct   -o CMakeFiles/cmTC_0a5a8.dir/CheckFunctionExists.c.o   -c /opt/clion-2018.3.4/bin/cmake/linux/share/cmake-3.13/Modules/CheckFunctionExists.c
Linking C executable cmTC_0a5a8
/opt/clion-2018.3.4/bin/cmake/linux/bin/cmake -E cmake_link_script CMakeFiles/cmTC_0a5a8.dir/link.txt --verbose=1
/usr/bin/cc  -DCHECK_FUNCTION_EXISTS=png_create_read_struct    -rdynamic CMakeFiles/cmTC_0a5a8.dir/CheckFunctionExists.c.o  -o cmTC_0a5a8 /usr/lib/x86_64-linux-gnu/libpng.so /usr/lib/x86_64-linux-gnu/libz.so 
make[2]: Opouští se adresář „/home/davelinux/Dokumenty/GIT/PROJEKT/cmake-build-debug/CMakeFiles/CMakeTmp“
make[1]: Opouští se adresář „/home/davelinux/Dokumenty/GIT/PROJEKT/cmake-build-debug/CMakeFiles/CMakeTmp“


Determining if the function jpeg_read_header exists passed with the following output:
Change Dir: /home/davelinux/Dokumenty/GIT/PROJEKT/cmake-build-debug/CMakeFiles/CMakeTmp

Run Build Command:"/usr/bin/make" "cmTC_09251/fast"
make[1]: Vstupuje se do adresáře „/home/davelinux/Dokumenty/GIT/PROJEKT/cmake-build-debug/CMakeFiles/CMakeTmp“
/usr/bin/make -f CMakeFiles/cmTC_09251.dir/build.make CMakeFiles/cmTC_09251.dir/build
make[2]: Vstupuje se do adresáře „/home/davelinux/Dokumenty/GIT/PROJEKT/cmake-build-debug/CMakeFiles/CMakeTmp“
Building C object CMakeFiles/cmTC_09251.dir/CheckFunctionExists.c.o
/usr/bin/cc   -DCHECK_FUNCTION_EXISTS=jpeg_read_header   -o CMakeFiles/cmTC_09251.dir/CheckFunctionExists.c.o   -c /opt/clion-2018.3.4/bin/cmake/linux/share/cmake-3.13/Modules/CheckFunctionExists.c
Linking C executable cmTC_09251
/opt/clion-2018.3.4/bin/cmake/linux/bin/cmake -E cmake_link_script CMakeFiles/cmTC_09251.dir/link.txt --verbose=1
/usr/bin/cc  -DCHECK_FUNCTION_EXISTS=jpeg_read_header    -rdynamic CMakeFiles/cmTC_09251.dir/CheckFunctionExists.c.o  -o cmTC_09251 /usr/lib/x86_64-linux-gnu/libjpeg.so 
make[2]: Opouští se adresář „/home/davelinux/Dokumenty/GIT/PROJEKT/cmake-build-debug/CMakeFiles/CMakeTmp“
make[1]: Opouští se adresář „/home/davelinux/Dokumenty/GIT/PROJEKT/cmake-build-debug/CMakeFiles/CMakeTmp“


Determining if the include file sys/types.h exists passed with the following output:
Change Dir: /home/davelinux/Dokumenty/GIT/PROJEKT/cmake-build-debug/CMakeFiles/CMakeTmp

Run Build Command:"/usr/bin/make" "cmTC_bcf7e/fast"
make[1]: Vstupuje se do adresáře „/home/davelinux/Dokumenty/GIT/PROJEKT/cmake-build-debug/CMakeFiles/CMakeTmp“
/usr/bin/make -f CMakeFiles/cmTC_bcf7e.dir/build.make CMakeFiles/cmTC_bcf7e.dir/build
make[2]: Vstupuje se do adresáře „/home/davelinux/Dokumenty/GIT/PROJEKT/cmake-build-debug/CMakeFiles/CMakeTmp“
Building C object CMakeFiles/cmTC_bcf7e.dir/CheckIncludeFile.c.o
/usr/bin/cc    -o CMakeFiles/cmTC_bcf7e.dir/CheckIncludeFile.c.o   -c /home/davelinux/Dokumenty/GIT/PROJEKT/cmake-build-debug/CMakeFiles/CMakeTmp/CheckIncludeFile.c
Linking C executable cmTC_bcf7e
/opt/clion-2018.3.4/bin/cmake/linux/bin/cmake -E cmake_link_script CMakeFiles/cmTC_bcf7e.dir/link.txt --verbose=1
/usr/bin/cc      -rdynamic CMakeFiles/cmTC_bcf7e.dir/CheckIncludeFile.c.o  -o cmTC_bcf7e /usr/lib/x86_64-linux-gnu/libjpeg.so 
make[2]: Opouští se adresář „/home/davelinux/Dokumenty/GIT/PROJEKT/cmake-build-debug/CMakeFiles/CMakeTmp“
make[1]: Opouští se adresář „/home/davelinux/Dokumenty/GIT/PROJEKT/cmake-build-debug/CMakeFiles/CMakeTmp“


Determining if the include file stdint.h exists passed with the following output:
Change Dir: /home/davelinux/Dokumenty/GIT/PROJEKT/cmake-build-debug/CMakeFiles/CMakeTmp

Run Build Command:"/usr/bin/make" "cmTC_7d479/fast"
make[1]: Vstupuje se do adresáře „/home/davelinux/Dokumenty/GIT/PROJEKT/cmake-build-debug/CMakeFiles/CMakeTmp“
/usr/bin/make -f CMakeFiles/cmTC_7d479.dir/build.make CMakeFiles/cmTC_7d479.dir/build
make[2]: Vstupuje se do adresáře „/home/davelinux/Dokumenty/GIT/PROJEKT/cmake-build-debug/CMakeFiles/CMakeTmp“
Building C object CMakeFiles/cmTC_7d479.dir/CheckIncludeFile.c.o
/usr/bin/cc    -o CMakeFiles/cmTC_7d479.dir/CheckIncludeFile.c.o   -c /home/davelinux/Dokumenty/GIT/PROJEKT/cmake-build-debug/CMakeFiles/CMakeTmp/CheckIncludeFile.c
Linking C executable cmTC_7d479
/opt/clion-2018.3.4/bin/cmake/linux/bin/cmake -E cmake_link_script CMakeFiles/cmTC_7d479.dir/link.txt --verbose=1
/usr/bin/cc      -rdynamic CMakeFiles/cmTC_7d479.dir/CheckIncludeFile.c.o  -o cmTC_7d479 /usr/lib/x86_64-linux-gnu/libjpeg.so 
make[2]: Opouští se adresář „/home/davelinux/Dokumenty/GIT/PROJEKT/cmake-build-debug/CMakeFiles/CMakeTmp“
make[1]: Opouští se adresář „/home/davelinux/Dokumenty/GIT/PROJEKT/cmake-build-debug/CMakeFiles/CMakeTmp“


Determining if the include file stddef.h exists passed with the following output:
Change Dir: /home/davelinux/Dokumenty/GIT/PROJEKT/cmake-build-debug/CMakeFiles/CMakeTmp

Run Build Command:"/usr/bin/make" "cmTC_1e209/fast"
make[1]: Vstupuje se do adresáře „/home/davelinux/Dokumenty/GIT/PROJEKT/cmake-build-debug/CMakeFiles/CMakeTmp“
/usr/bin/make -f CMakeFiles/cmTC_1e209.dir/build.make CMakeFiles/cmTC_1e209.dir/build
make[2]: Vstupuje se do adresáře „/home/davelinux/Dokumenty/GIT/PROJEKT/cmake-build-debug/CMakeFiles/CMakeTmp“
Building C object CMakeFiles/cmTC_1e209.dir/CheckIncludeFile.c.o
/usr/bin/cc    -o CMakeFiles/cmTC_1e209.dir/CheckIncludeFile.c.o   -c /home/davelinux/Dokumenty/GIT/PROJEKT/cmake-build-debug/CMakeFiles/CMakeTmp/CheckIncludeFile.c
Linking C executable cmTC_1e209
/opt/clion-2018.3.4/bin/cmake/linux/bin/cmake -E cmake_link_script CMakeFiles/cmTC_1e209.dir/link.txt --verbose=1
/usr/bin/cc      -rdynamic CMakeFiles/cmTC_1e209.dir/CheckIncludeFile.c.o  -o cmTC_1e209 /usr/lib/x86_64-linux-gnu/libjpeg.so 
make[2]: Opouští se adresář „/home/davelinux/Dokumenty/GIT/PROJEKT/cmake-build-debug/CMakeFiles/CMakeTmp“
make[1]: Opouští se adresář „/home/davelinux/Dokumenty/GIT/PROJEKT/cmake-build-debug/CMakeFiles/CMakeTmp“


Determining size of void* passed with the following output:
Change Dir: /home/davelinux/Dokumenty/GIT/PROJEKT/cmake-build-debug/CMakeFiles/CMakeTmp

Run Build Command:"/usr/bin/make" "cmTC_48633/fast"
make[1]: Vstupuje se do adresáře „/home/davelinux/Dokumenty/GIT/PROJEKT/cmake-build-debug/CMakeFiles/CMakeTmp“
/usr/bin/make -f CMakeFiles/cmTC_48633.dir/build.make CMakeFiles/cmTC_48633.dir/build
make[2]: Vstupuje se do adresáře „/home/davelinux/Dokumenty/GIT/PROJEKT/cmake-build-debug/CMakeFiles/CMakeTmp“
Building C object CMakeFiles/cmTC_48633.dir/SIZE_OF_VOID_PTR.c.o
/usr/bin/cc    -o CMakeFiles/cmTC_48633.dir/SIZE_OF_VOID_PTR.c.o   -c /home/davelinux/Dokumenty/GIT/PROJEKT/cmake-build-debug/CMakeFiles/CheckTypeSize/SIZE_OF_VOID_PTR.c
Linking C executable cmTC_48633
/opt/clion-2018.3.4/bin/cmake/linux/bin/cmake -E cmake_link_script CMakeFiles/cmTC_48633.dir/link.txt --verbose=1
/usr/bin/cc      -rdynamic CMakeFiles/cmTC_48633.dir/SIZE_OF_VOID_PTR.c.o  -o cmTC_48633 /usr/lib/x86_64-linux-gnu/libjpeg.so 
make[2]: Opouští se adresář „/home/davelinux/Dokumenty/GIT/PROJEKT/cmake-build-debug/CMakeFiles/CMakeTmp“
make[1]: Opouští se adresář „/home/davelinux/Dokumenty/GIT/PROJEKT/cmake-build-debug/CMakeFiles/CMakeTmp“


